<?xml version="1.0" encoding="UTF-8"?>
<!-- Generated by org.testng.reporters.JUnitReportReporter -->
<testsuite hostname="Tsales-p014" failures="0" tests="1" name="project2.myClass" time="0.004" errors="0" timestamp="2023-10-23T13:03:06 EET" skipped="0">
  <testcase classname="project2.myClass" name="myFirstTest" time="0.004"/>
  <system-out/>
</testsuite> <!-- project2.myClass -->
